[2025-01-26 09:21:34 : INFO] - Cache for associated Polylang translation posts for Title: "Home" have been purged 
[2025-01-26 09:21:34 : INFO] - Cache for URL: http://90trust.test/ has been purged, triggered by action: save_post 
[2025-01-26 09:22:31 : INFO] - Cache for associated Polylang translation posts for Title: "Home" have been purged 
[2025-01-26 09:22:31 : INFO] - Cache for URL: http://90trust.test/ has been purged, triggered by action: save_post 
[2025-01-26 09:25:37 : INFO] - Cache for associated Polylang translation posts for Title: "Home" have been purged 
[2025-01-26 09:25:37 : INFO] - Cache for URL: http://90trust.test/ has been purged, triggered by action: save_post 
[2025-01-26 09:26:16 : INFO] - Cache for associated Polylang translation posts for Title: "Home" have been purged 
[2025-01-26 09:26:16 : INFO] - Cache for URL: http://90trust.test/ has been purged, triggered by action: save_post 
[2025-01-26 09:27:50 : INFO] - Cache for associated Polylang translation posts for Title: "Home" have been purged 
[2025-01-26 09:27:50 : INFO] - Cache for URL: http://90trust.test/ has been purged, triggered by action: save_post 
[2025-01-26 09:41:36 : INFO] - Cache for associated Polylang translation posts for Title: "Home" have been purged 
[2025-01-26 09:41:36 : INFO] - Cache for URL: http://90trust.test/ has been purged, triggered by action: save_post 
[2025-01-26 11:42:49 : INFO] - Cache for associated Polylang translation posts for Title: "Home" have been purged 
[2025-01-26 11:42:49 : INFO] - Cache for URL: http://90trust.test/ has been purged, triggered by action: save_post 
[2025-01-26 14:35:37 : INFO] - Cache for associated Polylang translation posts for Title: "Home" have been purged 
[2025-01-26 14:35:37 : INFO] - Cache for URL: http://90trust.test/ has been purged, triggered by action: save_post 
[2025-01-26 14:48:45 : INFO] - Cache for associated Polylang translation posts for Title: "Home" have been purged 
[2025-01-26 14:48:45 : INFO] - Cache for URL: http://90trust.test/ has been purged, triggered by action: save_post 
[2025-01-26 14:51:21 : INFO] - Cache for associated Polylang translation posts for Title: "Home" have been purged 
[2025-01-26 14:51:21 : INFO] - Cache for URL: http://90trust.test/ has been purged, triggered by action: save_post 
[2025-01-26 17:03:05 : INFO] - Cache for associated Polylang translation posts for Title: "Home" have been purged 
[2025-01-26 17:03:05 : INFO] - Cache for URL: http://90trust.test/ has been purged, triggered by action: save_post 
[2025-01-26 17:12:23 : INFO] - Cache for associated Polylang translation posts for Title: "Home" have been purged 
[2025-01-26 17:12:23 : INFO] - Cache for URL: http://90trust.test/ has been purged, triggered by action: save_post 
[2025-01-26 17:12:39 : INFO] - Cache for associated Polylang translation posts for Title: "Home" have been purged 
[2025-01-26 17:12:39 : INFO] - Cache for URL: http://90trust.test/ has been purged, triggered by action: save_post 
[2025-01-26 17:31:02 : INFO] - Cache for associated Polylang translation posts for Title: "Home" have been purged 
[2025-01-26 17:31:02 : INFO] - Cache for URL: http://90trust.test/ has been purged, triggered by action: save_post 
[2025-01-26 17:31:30 : INFO] - Cache for associated Polylang translation posts for Title: "Home" have been purged 
[2025-01-26 17:31:30 : INFO] - Cache for URL: http://90trust.test/ has been purged, triggered by action: save_post 
[2025-01-27 07:37:10 : INFO] - Cache for associated Polylang translation posts for Title: "Home" have been purged 
[2025-01-27 07:37:10 : INFO] - Cache for URL: http://90trust.test/ has been purged, triggered by action: save_post 
[2025-01-27 08:00:05 : INFO] - Cache for associated Polylang translation posts for Title: "Home" have been purged 
[2025-01-27 08:00:05 : INFO] - Cache for URL: http://90trust.test/ has been purged, triggered by action: save_post 
[2025-01-27 08:00:37 : INFO] - Cache for associated Polylang translation posts for Title: "Home" have been purged 
[2025-01-27 08:00:37 : INFO] - Cache for URL: http://90trust.test/ has been purged, triggered by action: save_post 
[2025-01-27 10:04:54 : INFO] - Cache for associated Polylang translation posts for Title: "Home" have been purged 
[2025-01-27 10:04:54 : INFO] - Cache for URL: http://90trust.test/ has been purged, triggered by action: save_post 
[2025-01-27 10:06:48 : INFO] - Cache for associated Polylang translation posts for Title: "Home" have been purged 
[2025-01-27 10:06:48 : INFO] - Cache for URL: http://90trust.test/ has been purged, triggered by action: save_post 
[2025-01-27 11:18:15 : INFO] - Cache for associated Polylang translation posts for Title: "Home" have been purged 
[2025-01-27 11:18:15 : INFO] - Cache for URL: http://90trust.test/ has been purged, triggered by action: save_post 
[2025-01-27 11:20:34 : INFO] - Cache for associated Polylang translation posts for Title: "Home" have been purged 
[2025-01-27 11:20:34 : INFO] - Cache for URL: http://90trust.test/ has been purged, triggered by action: save_post 
[2025-01-27 11:44:09 : INFO] - Cache for associated Polylang translation posts for Title: "Home" have been purged 
[2025-01-27 11:44:09 : INFO] - Cache for URL: http://90trust.test/ has been purged, triggered by action: save_post 
[2025-01-27 11:54:01 : INFO] - Cache for associated Polylang translation posts for Title: "Home" have been purged 
[2025-01-27 11:54:01 : INFO] - Cache for URL: http://90trust.test/ has been purged, triggered by action: save_post 
[2025-01-27 11:59:20 : INFO] - Cache for associated Polylang translation posts for Title: "Home" have been purged 
[2025-01-27 11:59:20 : INFO] - Cache for URL: http://90trust.test/ has been purged, triggered by action: save_post 
[2025-01-27 14:57:06 : INFO] - Cache for associated Polylang translation posts for Title: "Home" have been purged 
[2025-01-27 14:57:06 : INFO] - Cache for URL: http://90trust.test/ has been purged, triggered by action: save_post 
[2025-01-27 15:02:09 : INFO] - Cache for associated Polylang translation posts for Title: "Home" have been purged 
[2025-01-27 15:02:09 : INFO] - Cache for URL: http://90trust.test/ has been purged, triggered by action: save_post 
[2025-01-27 15:05:07 : INFO] - Cache for associated Polylang translation posts for Title: "Home" have been purged 
[2025-01-27 15:05:07 : INFO] - Cache for URL: http://90trust.test/ has been purged, triggered by action: save_post 
[2025-01-28 07:43:21 : INFO] - Cache for associated Polylang translation posts for Title: "Home" have been purged 
[2025-01-28 07:43:21 : INFO] - Cache for URL: http://90trust.test/home-2/ has been purged, triggered by action: wp_trash_post 
[2025-01-28 07:43:21 : INFO] - Cache for associated Polylang translation posts for Title: "Home" have been purged 
[2025-01-28 07:43:21 : INFO] - Cache for URL: http://90trust.test/?page_id=2931 has been purged, triggered by action: save_post 
[2025-01-28 07:43:24 : INFO] - Cache for associated Polylang translation posts for Title: "Home" have been purged 
[2025-01-28 07:43:24 : INFO] - Cache for URL: http://90trust.test/?page_id=3383 has been purged, triggered by action: save_post 
[2025-01-28 07:44:34 : INFO] - Cache for associated Polylang translation posts for Title: "Home" have been purged 
[2025-01-28 07:44:34 : INFO] - Cache for URL: http://90trust.test/home-2/ has been purged, triggered by action: save_post 
[2025-01-28 07:45:30 : INFO] - Cache for associated Polylang translation posts for Title: "Home" have been purged 
[2025-01-28 07:45:30 : INFO] - Cache for URL: http://90trust.test/home-2/ has been purged, triggered by action: save_post 
[2025-01-28 07:46:58 : INFO] - Cache for associated Polylang translation posts for Title: "Home" have been purged 
[2025-01-28 07:46:58 : INFO] - Cache for URL: http://90trust.test/home-2/ has been purged, triggered by action: save_post 
[2025-01-28 07:52:09 : INFO] - Cache for associated Polylang translation posts for Title: "Home" have been purged 
[2025-01-28 07:52:09 : INFO] - Cache for URL: http://90trust.test/home-2/ has been purged, triggered by action: save_post 
[2025-01-28 12:22:52 : INFO] - Cache for associated Polylang translation posts for Title: "Home" have been purged 
[2025-01-28 12:22:52 : INFO] - Cache for URL: http://90trust.test/home-2/ has been purged, triggered by action: save_post 
[2025-01-28 12:23:29 : INFO] - Cache for associated Polylang translation posts for Title: "Home" have been purged 
[2025-01-28 12:23:29 : INFO] - Cache for URL: http://90trust.test/home-2/ has been purged, triggered by action: save_post 
[2025-01-28 12:32:20 : INFO] - Cache for associated Polylang translation posts for Title: "Home" have been purged 
[2025-01-28 12:32:20 : INFO] - Cache for URL: http://90trust.test/home-2/ has been purged, triggered by action: save_post 
[2025-01-28 12:34:56 : INFO] - Cache for associated Polylang translation posts for Title: "Home" have been purged 
[2025-01-28 12:34:56 : INFO] - Cache for URL: http://90trust.test/home-2/ has been purged, triggered by action: save_post 
[2025-01-28 12:53:21 : INFO] - Cache for associated Polylang translation posts for Title: "Home" have been purged 
[2025-01-28 12:53:21 : INFO] - Cache for URL: http://90trust.test/home-2/ has been purged, triggered by action: save_post 
[2025-01-28 13:23:53 : INFO] - Cache for associated Polylang translation posts for Title: "Home" have been purged 
[2025-01-28 13:23:53 : INFO] - Cache for URL: http://90trust.test/home-2/ has been purged, triggered by action: save_post 
[2025-01-28 13:29:19 : INFO] - Cache for associated Polylang translation posts for Title: "Home" have been purged 
[2025-01-28 13:29:19 : INFO] - Cache for URL: http://90trust.test/home-2/ has been purged, triggered by action: save_post 
[2025-01-28 14:00:28 : INFO] - Cache for associated Polylang translation posts for Title: "Home" have been purged 
[2025-01-28 14:00:28 : INFO] - Cache for URL: http://90trust.test/home-2/ has been purged, triggered by action: save_post 
[2025-01-28 15:25:36 : INFO] - Cache for associated Polylang translation posts for Title: "Home" have been purged 
[2025-01-28 15:25:36 : INFO] - Cache for URL: http://90trust.test/home-2/ has been purged, triggered by action: save_post 
[2025-01-28 15:26:25 : INFO] - Cache for associated Polylang translation posts for Title: "Home" have been purged 
[2025-01-28 15:26:25 : INFO] - Cache for URL: http://90trust.test/home-2/ has been purged, triggered by action: save_post 
[2025-01-28 15:32:09 : INFO] - Cache for associated Polylang translation posts for Title: "Home" have been purged 
[2025-01-28 15:32:09 : INFO] - Cache for URL: http://90trust.test/home-2/ has been purged, triggered by action: save_post 
[2025-01-28 15:34:42 : INFO] - Cache for associated Polylang translation posts for Title: "Home" have been purged 
[2025-01-28 15:34:42 : INFO] - Cache for URL: http://90trust.test/home-2/ has been purged, triggered by action: save_post 
[2025-01-29 09:26:08 : INFO] - Cache for associated Polylang translation posts for Title: "Auto Draft" have been purged 
[2025-01-29 09:26:08 : INFO] - Cache for URL: http://90trust.test/?page_id=3402 has been purged, triggered by action: save_post 
[2025-01-29 09:32:32 : INFO] - Cache for associated Polylang translation posts for Title: "Home static" have been purged 
[2025-01-29 09:32:32 : INFO] - Cache for URL: http://90trust.test/home-static/ has been purged, triggered by action: save_post 
[2025-01-29 09:41:47 : INFO] - Cache for associated Polylang translation posts for Title: "Home static" have been purged 
[2025-01-29 09:41:47 : INFO] - Cache for URL: http://90trust.test/home-static/ has been purged, triggered by action: save_post 
[2025-01-29 09:43:21 : INFO] - Cache for associated Polylang translation posts for Title: "Home static" have been purged 
[2025-01-29 09:43:21 : INFO] - Cache for URL: http://90trust.test/home-static/ has been purged, triggered by action: save_post 
[2025-01-29 09:45:52 : INFO] - Cache for associated Polylang translation posts for Title: "Home static" have been purged 
[2025-01-29 09:45:52 : INFO] - Cache for URL: http://90trust.test/home-static/ has been purged, triggered by action: save_post 
[2025-01-29 09:46:03 : INFO] - Cache for associated Polylang translation posts for Title: "Home static" have been purged 
[2025-01-29 09:46:03 : INFO] - Cache for URL: http://90trust.test/home-static/ has been purged, triggered by action: save_post 
[2025-01-29 09:48:31 : INFO] - Cache for associated Polylang translation posts for Title: "Home static" have been purged 
[2025-01-29 09:48:31 : INFO] - Cache for URL: http://90trust.test/home-static/ has been purged, triggered by action: save_post 
[2025-01-29 09:49:06 : INFO] - Cache for associated Polylang translation posts for Title: "Home static" have been purged 
[2025-01-29 09:49:06 : INFO] - Cache for URL: http://90trust.test/home-static/ has been purged, triggered by action: save_post 
[2025-01-29 09:51:47 : INFO] - Cache for associated Polylang translation posts for Title: "Home static" have been purged 
[2025-01-29 09:51:47 : INFO] - Cache for URL: http://90trust.test/home-static/ has been purged, triggered by action: save_post 
[2025-01-29 09:52:37 : INFO] - Cache for associated Polylang translation posts for Title: "Home static" have been purged 
[2025-01-29 09:52:37 : INFO] - Cache for URL: http://90trust.test/home-static/ has been purged, triggered by action: save_post 
[2025-01-29 09:57:15 : INFO] - Cache for associated Polylang translation posts for Title: "Home static" have been purged 
[2025-01-29 09:57:15 : INFO] - Cache for URL: http://90trust.test/home-static/ has been purged, triggered by action: save_post 
[2025-01-29 09:57:48 : INFO] - Cache for associated Polylang translation posts for Title: "Home static" have been purged 
[2025-01-29 09:57:48 : INFO] - Cache for URL: http://90trust.test/home-static/ has been purged, triggered by action: save_post 
[2025-01-29 09:58:52 : INFO] - Cache for associated Polylang translation posts for Title: "Home static" have been purged 
[2025-01-29 09:58:52 : INFO] - Cache for URL: http://90trust.test/home-static/ has been purged, triggered by action: save_post 
[2025-01-29 10:05:03 : INFO] - Cache for associated Polylang translation posts for Title: "Home static" have been purged 
[2025-01-29 10:05:03 : INFO] - Cache for URL: http://90trust.test/home-static/ has been purged, triggered by action: save_post 
[2025-01-29 10:06:06 : INFO] - Cache for associated Polylang translation posts for Title: "Home static" have been purged 
[2025-01-29 10:06:06 : INFO] - Cache for URL: http://90trust.test/home-static/ has been purged, triggered by action: save_post 
[2025-01-29 10:17:34 : INFO] - Cache for associated Polylang translation posts for Title: "Home static" have been purged 
[2025-01-29 10:17:34 : INFO] - Cache for URL: http://90trust.test/home-static/ has been purged, triggered by action: save_post 
[2025-01-29 10:19:51 : INFO] - Cache for associated Polylang translation posts for Title: "Home static" have been purged 
[2025-01-29 10:19:51 : INFO] - Cache for URL: http://90trust.test/home-static/ has been purged, triggered by action: save_post 
[2025-01-29 10:21:05 : INFO] - Cache for associated Polylang translation posts for Title: "Home static" have been purged 
[2025-01-29 10:21:05 : INFO] - Cache for URL: http://90trust.test/home-static/ has been purged, triggered by action: save_post 
[2025-01-29 10:26:00 : INFO] - Cache for associated Polylang translation posts for Title: "Home static" have been purged 
[2025-01-29 10:26:00 : INFO] - Cache for URL: http://90trust.test/home-static/ has been purged, triggered by action: save_post 
[2025-01-29 12:11:49 : INFO] - Cache for associated Polylang translation posts for Title: "Home static" have been purged 
[2025-01-29 12:11:49 : INFO] - Cache for URL: http://90trust.test/home-static/ has been purged, triggered by action: save_post 
[2025-01-29 12:13:33 : INFO] - Cache for associated Polylang translation posts for Title: "Home static" have been purged 
[2025-01-29 12:13:33 : INFO] - Cache for URL: http://90trust.test/home-static/ has been purged, triggered by action: save_post 
[2025-01-29 12:44:23 : INFO] - Cache for associated Polylang translation posts for Title: "Home static" have been purged 
[2025-01-29 12:44:23 : INFO] - Cache for URL: http://90trust.test/home-static/ has been purged, triggered by action: save_post 
[2025-01-29 12:44:42 : INFO] - Cache for associated Polylang translation posts for Title: "Home static" have been purged 
[2025-01-29 12:44:42 : INFO] - Cache for URL: http://90trust.test/home-static/ has been purged, triggered by action: save_post 
[2025-01-29 12:44:54 : INFO] - Cache for associated Polylang translation posts for Title: "Home static" have been purged 
[2025-01-29 12:44:54 : INFO] - Cache for URL: http://90trust.test/home-static/ has been purged, triggered by action: save_post 
[2025-01-29 12:45:19 : INFO] - Cache for associated Polylang translation posts for Title: "Home static" have been purged 
[2025-01-29 12:45:19 : INFO] - Cache for URL: http://90trust.test/home-static/ has been purged, triggered by action: save_post 
[2025-01-29 12:45:42 : INFO] - Cache for associated Polylang translation posts for Title: "Home static" have been purged 
[2025-01-29 12:45:42 : INFO] - Cache for URL: http://90trust.test/home-static/ has been purged, triggered by action: save_post 
[2025-01-29 12:48:58 : INFO] - Cache for associated Polylang translation posts for Title: "Home static" have been purged 
[2025-01-29 12:48:58 : INFO] - Cache for URL: http://90trust.test/home-static/ has been purged, triggered by action: save_post 
[2025-01-29 12:49:16 : INFO] - Cache for associated Polylang translation posts for Title: "Home static" have been purged 
[2025-01-29 12:49:16 : INFO] - Cache for URL: http://90trust.test/home-static/ has been purged, triggered by action: save_post 
[2025-01-29 12:53:58 : INFO] - Cache for associated Polylang translation posts for Title: "Home static" have been purged 
[2025-01-29 12:53:58 : INFO] - Cache for URL: http://90trust.test/home-static/ has been purged, triggered by action: save_post 
[2025-01-29 12:56:36 : INFO] - Cache for associated Polylang translation posts for Title: "Home static" have been purged 
[2025-01-29 12:56:36 : INFO] - Cache for URL: http://90trust.test/home-static/ has been purged, triggered by action: save_post 
[2025-01-29 12:57:14 : INFO] - Cache for associated Polylang translation posts for Title: "Home static" have been purged 
[2025-01-29 12:57:14 : INFO] - Cache for URL: http://90trust.test/home-static/ has been purged, triggered by action: save_post 
[2025-01-29 13:01:02 : INFO] - Cache for associated Polylang translation posts for Title: "Home static" have been purged 
[2025-01-29 13:01:02 : INFO] - Cache for URL: http://90trust.test/home-static/ has been purged, triggered by action: save_post 
[2025-01-29 13:06:27 : INFO] - Cache for associated Polylang translation posts for Title: "Home static" have been purged 
[2025-01-29 13:06:27 : INFO] - Cache for URL: http://90trust.test/home-static/ has been purged, triggered by action: save_post 
[2025-01-29 13:07:26 : INFO] - Cache for associated Polylang translation posts for Title: "Home static" have been purged 
[2025-01-29 13:07:26 : INFO] - Cache for URL: http://90trust.test/home-static/ has been purged, triggered by action: save_post 
[2025-01-29 13:07:45 : INFO] - Cache for associated Polylang translation posts for Title: "Home static" have been purged 
[2025-01-29 13:07:45 : INFO] - Cache for URL: http://90trust.test/home-static/ has been purged, triggered by action: save_post 
[2025-01-29 13:09:59 : INFO] - Cache for associated Polylang translation posts for Title: "Home static" have been purged 
[2025-01-29 13:09:59 : INFO] - Cache for URL: http://90trust.test/home-static/ has been purged, triggered by action: save_post 
[2025-01-29 13:10:17 : INFO] - Cache for associated Polylang translation posts for Title: "Home static" have been purged 
[2025-01-29 13:10:17 : INFO] - Cache for URL: http://90trust.test/home-static/ has been purged, triggered by action: save_post 
[2025-01-29 13:10:52 : INFO] - Cache for associated Polylang translation posts for Title: "Home static" have been purged 
[2025-01-29 13:10:52 : INFO] - Cache for URL: http://90trust.test/home-static/ has been purged, triggered by action: save_post 
[2025-01-30 09:06:55 : INFO] - Cache for associated Polylang translation posts for Title: "Open Account" have been purged 
[2025-01-30 09:06:55 : INFO] - Cache for URL: http://90trust.test/open-account/ has been purged, triggered by action: save_post 
[2025-01-30 09:07:04 : INFO] - Cache for associated Polylang translation posts for Title: "Open Account" have been purged 
[2025-01-30 09:07:04 : INFO] - Cache for URL: http://90trust.test/open-account/ has been purged, triggered by action: save_post 
[2025-01-30 09:07:09 : INFO] - Cache for associated Polylang translation posts for Title: "Open Account" have been purged 
[2025-01-30 09:07:09 : INFO] - Cache for URL: http://90trust.test/open-account/ has been purged, triggered by action: save_post 
[2025-01-30 09:37:03 : INFO] - Cache for homepage has been purged due to change in the Homepage displays options, triggered by action: update_option_page_on_front 
[2025-01-30 09:48:06 : INFO] - Full Cache Purge triggered by: plugin activation/deactivation 
[2025-01-30 09:48:07 : INFO] - Full Cache Purge triggered by: plugin activation/deactivation 
[2025-01-30 09:49:42 : INFO] - Full Cache Purge triggered by: plugin activation/deactivation 
[2025-01-30 09:50:32 : INFO] - Full Cache Purge triggered by: plugin activation/deactivation 
[2025-01-30 09:54:00 : INFO] - Full Cache Purge triggered by: plugin activation/deactivation 
